<?xml version="1.0" encoding="UTF-8"?>
<testng-results ignored="0" total="1" passed="1" failed="0" skipped="0">
  <reporter-output>
  </reporter-output>
  <suite started-at="2020-12-22T04:12:17Z" name="Default suite" finished-at="2020-12-22T04:12:17Z" duration-ms="77">
    <groups>
    </groups>
    <test started-at="2020-12-22T04:12:17Z" name="Default test" finished-at="2020-12-22T04:12:17Z" duration-ms="77">
      <class name="TestNG">
        <test-method signature="display()[pri:0, instance:TestNG@71e9ddb4]" started-at="2020-12-22T04:12:17Z" name="display" finished-at="2020-12-22T04:12:17Z" duration-ms="17" status="PASS">
          <reporter-output>
          </reporter-output>
        </test-method> <!-- display -->
      </class> <!-- TestNG -->
    </test> <!-- Default test -->
  </suite> <!-- Default suite -->
</testng-results>
